# JRE version: OpenJDK Runtime Environment Microsoft-27990 (11.0.13+8) (build 11.0.13+8-LTS)
# Java VM: OpenJDK 64-Bit Server VM Microsoft-27990 (11.0.13+8-LTS, mixed mode, tiered, compressed oops, g1 gc, windows-amd64)
Heap:
 garbage-first heap   total 684032K, used 242688K [0x00000000c0000000, 0x0000000100000000)
  region size 1024K, 18 young (18432K), 18 survivors (18432K)
 Metaspace       used 16785K, capacity 17166K, committed 17280K, reserved 1064960K
  class space    used 1720K, capacity 1869K, committed 1920K, reserved 1048576K
GC Heap History (20 events):
Event: 2.648 GC heap after
{Heap after GC invocations=11 (full 0):
 garbage-first heap   total 157696K, used 77824K [0x00000000c0000000, 0x0000000100000000)
  region size 1024K, 5 young (5120K), 5 survivors (5120K)
 Metaspace       used 13545K, capacity 13747K, committed 13952K, reserved 1062912K
  class space    used 1316K, capacity 1401K, committed 1408K, reserved 1048576K
}
Event: 2.737 GC heap before
{Heap before GC invocations=11 (full 0):
 garbage-first heap   total 157696K, used 108544K [0x00000000c0000000, 0x0000000100000000)
  region size 1024K, 36 young (36864K), 5 survivors (5120K)
 Metaspace       used 13549K, capacity 13747K, committed 13952K, reserved 1062912K
  class space    used 1316K, capacity 1401K, committed 1408K, reserved 1048576K
}
Event: 2.766 GC heap after
{Heap after GC invocations=12 (full 0):
 garbage-first heap   total 157696K, used 86016K [0x00000000c0000000, 0x0000000100000000)
  region size 1024K, 5 young (5120K), 5 survivors (5120K)
 Metaspace       used 13549K, capacity 13747K, committed 13952K, reserved 1062912K
  class space    used 1316K, capacity 1401K, committed 1408K, reserved 1048576K
}
Event: 2.917 GC heap before
{Heap before GC invocations=13 (full 0):
 garbage-first heap   total 157696K, used 115712K [0x00000000c0000000, 0x0000000100000000)
  region size 1024K, 34 young (34816K), 5 survivors (5120K)
 Metaspace       used 13467K, capacity 13610K, committed 13952K, reserved 1062912K
  class space    used 1284K, capacity 1343K, committed 1408K, reserved 1048576K
}
Event: 2.947 GC heap after
{Heap after GC invocations=14 (full 0):
 garbage-first heap   total 315392K, used 93079K [0x00000000c0000000, 0x0000000100000000)
  region size 1024K, 5 young (5120K), 5 survivors (5120K)
 Metaspace       used 13467K, capacity 13610K, committed 13952K, reserved 1062912K
  class space    used 1284K, capacity 1343K, committed 1408K, reserved 1048576K
}
Event: 3.199 GC heap before
{Heap before GC invocations=14 (full 0):
 garbage-first heap   total 315392K, used 171927K [0x00000000c0000000, 0x0000000100000000)
  region size 1024K, 78 young (79872K), 5 survivors (5120K)
 Metaspace       used 13468K, capacity 13611K, committed 13952K, reserved 1062912K
  class space    used 1284K, capacity 1343K, committed 1408K, reserved 1048576K
}
Event: 3.241 GC heap after
{Heap after GC invocations=15 (full 0):
 garbage-first heap   total 315392K, used 114325K [0x00000000c0000000, 0x0000000100000000)
  region size 1024K, 10 young (10240K), 10 survivors (10240K)
 Metaspace       used 13468K, capacity 13611K, committed 13952K, reserved 1062912K
  class space    used 1284K, capacity 1343K, committed 1408K, reserved 1048576K
}
Event: 3.281 GC heap before
{Heap before GC invocations=15 (full 0):
 garbage-first heap   total 315392K, used 122517K [0x00000000c0000000, 0x0000000100000000)
  region size 1024K, 18 young (18432K), 10 survivors (10240K)
 Metaspace       used 13468K, capacity 13611K, committed 13952K, reserved 1062912K
  class space    used 1284K, capacity 1343K, committed 1408K, reserved 1048576K
}
Event: 3.312 GC heap after
{Heap after GC invocations=16 (full 0):
 garbage-first heap   total 315392K, used 117530K [0x00000000c0000000, 0x0000000100000000)
  region size 1024K, 3 young (3072K), 3 survivors (3072K)
 Metaspace       used 13468K, capacity 13611K, committed 13952K, reserved 1062912K
  class space    used 1284K, capacity 1343K, committed 1408K, reserved 1048576K
}
Event: 3.449 GC heap before
{Heap before GC invocations=16 (full 0):
 garbage-first heap   total 315392K, used 182042K [0x00000000c0000000, 0x0000000100000000)
  region size 1024K, 66 young (67584K), 3 survivors (3072K)
 Metaspace       used 13468K, capacity 13611K, committed 13952K, reserved 1062912K
  class space    used 1284K, capacity 1343K, committed 1408K, reserved 1048576K
}
Event: 3.473 GC heap after
{Heap after GC invocations=17 (full 0):
 garbage-first heap   total 315392K, used 130338K [0x00000000c0000000, 0x0000000100000000)
  region size 1024K, 9 young (9216K), 9 survivors (9216K)
 Metaspace       used 13468K, capacity 13611K, committed 13952K, reserved 1062912K
  class space    used 1284K, capacity 1343K, committed 1408K, reserved 1048576K
}
Event: 3.860 GC heap before
{Heap before GC invocations=17 (full 0):
 garbage-first heap   total 315392K, used 198946K [0x00000000c0000000, 0x0000000100000000)
  region size 1024K, 76 young (77824K), 9 survivors (9216K)
 Metaspace       used 15028K, capacity 15231K, committed 15488K, reserved 1062912K
  class space    used 1510K, capacity 1584K, committed 1664K, reserved 1048576K
}
Event: 3.898 GC heap after
{Heap after GC invocations=18 (full 0):
 garbage-first heap   total 481280K, used 143719K [0x00000000c0000000, 0x0000000100000000)
  region size 1024K, 10 young (10240K), 10 survivors (10240K)
 Metaspace       used 15028K, capacity 15231K, committed 15488K, reserved 1062912K
  class space    used 1510K, capacity 1584K, committed 1664K, reserved 1048576K
}
Event: 4.109 GC heap before
{Heap before GC invocations=18 (full 0):
 garbage-first heap   total 481280K, used 259431K [0x00000000c0000000, 0x0000000100000000)
  region size 1024K, 123 young (125952K), 10 survivors (10240K)
 Metaspace       used 15033K, capacity 15231K, committed 15488K, reserved 1062912K
  class space    used 1510K, capacity 1584K, committed 1664K, reserved 1048576K
}
Event: 4.225 GC heap after
{Heap after GC invocations=19 (full 0):
 garbage-first heap   total 481280K, used 165632K [0x00000000c0000000, 0x0000000100000000)
  region size 1024K, 16 young (16384K), 16 survivors (16384K)
 Metaspace       used 15033K, capacity 15231K, committed 15488K, reserved 1062912K
  class space    used 1510K, capacity 1584K, committed 1664K, reserved 1048576K
}
Event: 4.527 GC heap before
{Heap before GC invocations=19 (full 0):
 garbage-first heap   total 481280K, used 295680K [0x00000000c0000000, 0x0000000100000000)
  region size 1024K, 143 young (146432K), 16 survivors (16384K)
 Metaspace       used 15040K, capacity 15233K, committed 15488K, reserved 1062912K
  class space    used 1510K, capacity 1584K, committed 1664K, reserved 1048576K
}
Event: 4.582 GC heap after
{Heap after GC invocations=20 (full 0):
 garbage-first heap   total 481280K, used 191152K [0x00000000c0000000, 0x0000000100000000)
  region size 1024K, 18 young (18432K), 18 survivors (18432K)
 Metaspace       used 15040K, capacity 15233K, committed 15488K, reserved 1062912K
  class space    used 1510K, capacity 1584K, committed 1664K, reserved 1048576K
}
Event: 5.285 GC heap before
{Heap before GC invocations=20 (full 0):
 garbage-first heap   total 481280K, used 323248K [0x00000000c0000000, 0x0000000100000000)
  region size 1024K, 147 young (150528K), 18 survivors (18432K)
 Metaspace       used 16783K, capacity 17166K, committed 17280K, reserved 1064960K
  class space    used 1720K, capacity 1869K, committed 1920K, reserved 1048576K
}
Event: 5.336 GC heap after
{Heap after GC invocations=21 (full 0):
 garbage-first heap   total 481280K, used 218088K [0x00000000c0000000, 0x0000000100000000)
  region size 1024K, 19 young (19456K), 19 survivors (19456K)
 Metaspace       used 16783K, capacity 17166K, committed 17280K, reserved 1064960K
  class space    used 1720K, capacity 1869K, committed 1920K, reserved 1048576K
}
Event: 5.566 GC heap before
{Heap before GC invocations=21 (full 0):
 garbage-first heap   total 481280K, used 344040K [0x00000000c0000000, 0x0000000100000000)
  region size 1024K, 142 young (145408K), 19 survivors (19456K)
 Metaspace       used 16785K, capacity 17166K, committed 17280K, reserved 1064960K
  class space    used 1720K, capacity 1869K, committed 1920K, reserved 1048576K
}

